[0.000000] (-) TimerEvent: {}
[0.000292] (project_1) JobQueued: {'identifier': 'project_1', 'dependencies': OrderedDict()}
[0.000496] (project_1) JobStarted: {'identifier': 'project_1'}
[0.099674] (-) TimerEvent: {}
[0.199921] (-) TimerEvent: {}
[0.300143] (-) TimerEvent: {}
[0.400393] (-) TimerEvent: {}
[0.500629] (-) TimerEvent: {}
[0.600866] (-) TimerEvent: {}
[0.677254] (project_1) Command: {'cmd': ['/usr/bin/python3', '-W', 'ignore:setup.py install is deprecated', '-W', 'ignore:easy_install command is deprecated', 'setup.py', 'egg_info', '--egg-base', 'build/project_1', 'build', '--build-base', '/home/fnorgh/skeewl/project1Robot/Project1Ros2Gazebo/project_1/build/project_1/build', 'install', '--record', '/home/fnorgh/skeewl/project1Robot/Project1Ros2Gazebo/project_1/build/project_1/install.log', '--single-version-externally-managed', 'install_data'], 'cwd': '/home/fnorgh/skeewl/project1Robot/Project1Ros2Gazebo/project_1', 'env': {'GZ_SIM_RESOURCE_PATH': '/opt/ros/jazzy/share', 'USER': 'fnorgh', 'GZ_CONFIG_PATH': '/opt/ros/jazzy/opt/gz_sim_vendor/share/gz:/opt/ros/jazzy/opt/sdformat_vendor/share/gz:/opt/ros/jazzy/opt/gz_gui_vendor/share/gz:/opt/ros/jazzy/opt/gz_transport_vendor/share/gz:/opt/ros/jazzy/opt/gz_rendering_vendor/share/gz:/opt/ros/jazzy/opt/gz_plugin_vendor/share/gz:/opt/ros/jazzy/opt/gz_fuel_tools_vendor/share/gz:/opt/ros/jazzy/opt/gz_msgs_vendor/share/gz:/opt/ros/jazzy/opt/gz_common_vendor/share/gz', 'STARSHIP_SHELL': 'fish', 'XDG_SEAT': 'seat0', 'XDG_SESSION_TYPE': 'x11', 'SHLVL': '1', 'LD_LIBRARY_PATH': '/opt/ros/jazzy/opt/gz_sim_vendor/lib:/opt/ros/jazzy/opt/gz_sensors_vendor/lib:/opt/ros/jazzy/opt/gz_physics_vendor/lib:/opt/ros/jazzy/opt/sdformat_vendor/lib:/opt/ros/jazzy/opt/rviz_ogre_vendor/lib:/opt/ros/jazzy/lib/x86_64-linux-gnu:/opt/ros/jazzy/opt/gz_gui_vendor/lib:/opt/ros/jazzy/opt/gz_transport_vendor/lib:/opt/ros/jazzy/opt/gz_rendering_vendor/lib:/opt/ros/jazzy/opt/gz_plugin_vendor/lib:/opt/ros/jazzy/opt/gz_fuel_tools_vendor/lib:/opt/ros/jazzy/opt/gz_msgs_vendor/lib:/opt/ros/jazzy/opt/gz_common_vendor/lib:/opt/ros/jazzy/opt/gz_math_vendor/lib:/opt/ros/jazzy/opt/gz_utils_vendor/lib:/opt/ros/jazzy/opt/gz_tools_vendor/lib:/opt/ros/jazzy/opt/gz_ogre_next_vendor/lib:/opt/ros/jazzy/opt/gz_dartsim_vendor/lib:/opt/ros/jazzy/opt/gz_cmake_vendor/lib:/opt/ros/jazzy/lib', 'HOME': '/home/fnorgh', 'TERMINFO': '/usr/lib/kitty/terminfo', 'DESKTOP_SESSION': 'i3', 'KITTY_INSTALLATION_DIR': '/usr/lib/kitty', 'GTK_MODULES': 'gail:atk-bridge', 'ROS_PYTHON_VERSION': '3', 'KITTY_PID': '4284', 'GSM_SKIP_SSH_AGENT_WORKAROUND': 'true', 'DBUS_SESSION_BUS_ADDRESS': 'unix:path=/run/user/1000/bus', 'COLORTERM': 'truecolor', 'DEBUGINFOD_URLS': 'https://debuginfod.ubuntu.com', 'ROS_DISTRO': 'jazzy', 'GTK_IM_MODULE': 'ibus', 'LOGNAME': 'fnorgh', 'WINDOWID': '48234510', 'XDG_SESSION_CLASS': 'user', 'ROS_VERSION': '2', 'XDG_SESSION_ID': '1', 'USERNAME': 'fnorgh', 'TERM': 'xterm-kitty', 'KITTY_PUBLIC_KEY': '1:qxEsyTPc3!5+_}S+WN4u_=Rw%L|R$|-MmguhCE1K', 'WINDOWPATH': '2', 'PATH': '/opt/ros/jazzy/opt/gz_msgs_vendor/bin:/opt/ros/jazzy/opt/gz_tools_vendor/bin:/opt/ros/jazzy/opt/gz_ogre_next_vendor/bin:/opt/ros/jazzy/bin:/home/fnorgh/.cargo/bin:/home/fnorgh/.local/bin:/usr/local/sbin:/usr/local/bin:/usr/sbin:/usr/bin:/sbin:/bin:/usr/games:/usr/local/games:/snap/bin:/snap/bin:/home/fnorgh/.local/bin', 'XDG_RUNTIME_DIR': '/run/user/1000', 'DISPLAY': ':0', 'LANG': 'en_US.UTF-8', 'XDG_CURRENT_DESKTOP': 'i3', 'DESKTOP_STARTUP_ID': 'i3/kitty/1819-0-fnorgh_TIME22216', 'XMODIFIERS': '@im=ibus', 'XDG_SESSION_DESKTOP': 'i3', 'XAUTHORITY': '/run/user/1000/gdm/Xauthority', 'SSH_AUTH_SOCK': '/run/user/1000/gnupg/S.gpg-agent.ssh', 'AMENT_PREFIX_PATH': '/opt/ros/jazzy', 'SHELL': '/usr/bin/fish', 'QT_ACCESSIBILITY': '1', 'GDMSESSION': 'i3', 'KITTY_WINDOW_ID': '1', 'GPG_AGENT_INFO': '/run/user/1000/gnupg/S.gpg-agent:0:1', 'ROS_AUTOMATIC_DISCOVERY_RANGE': 'SUBNET', 'QT_IM_MODULE': 'ibus', 'XDG_VTNR': '2', 'PWD': '/home/fnorgh/skeewl/project1Robot/Project1Ros2Gazebo/project_1/build/project_1', 'LC_ALL': 'en_US.UTF-8', 'XDG_DATA_DIRS': '/usr/share/i3:/usr/share/gnome:/usr/local/share/:/usr/share/:/var/lib/snapd/desktop', 'CLUTTER_IM_MODULE': 'ibus', 'XDG_CONFIG_DIRS': '/etc/xdg/xdg-i3:/etc/xdg', 'STARSHIP_SESSION_KEY': '1880722213213622', 'PYTHONPATH': '/home/fnorgh/skeewl/project1Robot/Project1Ros2Gazebo/project_1/build/project_1/prefix_override:/usr/lib/python3/dist-packages/colcon_core/task/python/colcon_distutils_commands:/home/fnorgh/skeewl/project1Robot/Project1Ros2Gazebo/project_1/install/project_1/lib/python3.12/site-packages:/opt/ros/jazzy/lib/python3.12/site-packages', 'I3SOCK': '/run/user/1000/i3/ipc-socket.1819', 'COLCON': '1', 'GTK_THEME': 'catppuccin-mocha-green-standard+default:compact', 'CMAKE_PREFIX_PATH': '/opt/ros/jazzy/opt/gz_sim_vendor:/opt/ros/jazzy/opt/gz_sensors_vendor:/opt/ros/jazzy/opt/gz_physics_vendor:/opt/ros/jazzy/opt/sdformat_vendor:/opt/ros/jazzy/opt/gz_gui_vendor:/opt/ros/jazzy/opt/gz_transport_vendor:/opt/ros/jazzy/opt/gz_rendering_vendor:/opt/ros/jazzy/opt/gz_plugin_vendor:/opt/ros/jazzy/opt/gz_fuel_tools_vendor:/opt/ros/jazzy/opt/gz_msgs_vendor:/opt/ros/jazzy/opt/gz_common_vendor:/opt/ros/jazzy/opt/gz_math_vendor:/opt/ros/jazzy/opt/gz_utils_vendor:/opt/ros/jazzy/opt/gz_tools_vendor:/opt/ros/jazzy/opt/gz_ogre_next_vendor:/opt/ros/jazzy/opt/gz_dartsim_vendor:/opt/ros/jazzy/opt/gz_cmake_vendor'}, 'shell': False}
[0.700964] (-) TimerEvent: {}
[0.801177] (-) TimerEvent: {}
[0.901051] (project_1) StdoutLine: {'line': b'running egg_info\n'}
[0.901266] (-) TimerEvent: {}
[0.919546] (project_1) StdoutLine: {'line': b'writing build/project_1/project_1.egg-info/PKG-INFO\n'}
[0.919765] (project_1) StdoutLine: {'line': b'writing dependency_links to build/project_1/project_1.egg-info/dependency_links.txt\n'}
[0.919866] (project_1) StdoutLine: {'line': b'writing requirements to build/project_1/project_1.egg-info/requires.txt\n'}
[0.919964] (project_1) StdoutLine: {'line': b'writing top-level names to build/project_1/project_1.egg-info/top_level.txt\n'}
[0.954701] (project_1) StdoutLine: {'line': b"reading manifest file 'build/project_1/project_1.egg-info/SOURCES.txt'\n"}
[0.955442] (project_1) StdoutLine: {'line': b"writing manifest file 'build/project_1/project_1.egg-info/SOURCES.txt'\n"}
[0.955614] (project_1) StdoutLine: {'line': b'running build\n'}
[0.955871] (project_1) StdoutLine: {'line': b'running build_py\n'}
[0.955980] (project_1) StdoutLine: {'line': b'running install\n'}
[0.960342] (project_1) StdoutLine: {'line': b'running install_lib\n'}
[0.979397] (project_1) StdoutLine: {'line': b'running install_data\n'}
[0.979602] (project_1) StdoutLine: {'line': b'running install_egg_info\n'}
[0.998673] (project_1) StdoutLine: {'line': b"removing '/home/fnorgh/skeewl/project1Robot/Project1Ros2Gazebo/project_1/install/project_1/lib/python3.12/site-packages/project_1-0.0.0-py3.12.egg-info' (and everything under it)\n"}
[0.998974] (project_1) StdoutLine: {'line': b'Copying build/project_1/project_1.egg-info to /home/fnorgh/skeewl/project1Robot/Project1Ros2Gazebo/project_1/install/project_1/lib/python3.12/site-packages/project_1-0.0.0-py3.12.egg-info\n'}
[0.999786] (project_1) StdoutLine: {'line': b'running install_scripts\n'}
[1.001361] (-) TimerEvent: {}
[1.101561] (-) TimerEvent: {}
[1.117865] (project_1) StdoutLine: {'line': b"writing list of installed files to '/home/fnorgh/skeewl/project1Robot/Project1Ros2Gazebo/project_1/build/project_1/install.log'\n"}
[1.137523] (project_1) CommandEnded: {'returncode': 0}
[1.145232] (project_1) JobEnded: {'identifier': 'project_1', 'rc': 0}
[1.146057] (-) EventReactorShutdown: {}
