[1.164s] Invoking command in '/home/gibs0113/Project1Ros2Gazebo/src/project_1': DEBUGINFOD_URLS=https://debuginfod.ubuntu.com PYTHONPATH=/home/gibs0113/Project1Ros2Gazebo/build/project_1/prefix_override:/usr/lib/python3/dist-packages/colcon_core/task/python/colcon_distutils_commands:/home/gibs0113/Project1Ros2Gazebo/install/project_1/lib/python3.12/site-packages:${PYTHONPATH} /usr/bin/python3 -W ignore:setup.py install is deprecated -W ignore:easy_install command is deprecated setup.py egg_info --egg-base ../../build/project_1 build --build-base /home/gibs0113/Project1Ros2Gazebo/build/project_1/build install --record /home/gibs0113/Project1Ros2Gazebo/build/project_1/install.log --single-version-externally-managed install_data
[1.533s] running egg_info
[1.533s] creating ../../build/project_1/project_1.egg-info
[1.560s] writing ../../build/project_1/project_1.egg-info/PKG-INFO
[1.561s] writing dependency_links to ../../build/project_1/project_1.egg-info/dependency_links.txt
[1.561s] writing requirements to ../../build/project_1/project_1.egg-info/requires.txt
[1.561s] writing top-level names to ../../build/project_1/project_1.egg-info/top_level.txt
[1.561s] writing manifest file '../../build/project_1/project_1.egg-info/SOURCES.txt'
[1.622s] reading manifest file '../../build/project_1/project_1.egg-info/SOURCES.txt'
[1.622s] writing manifest file '../../build/project_1/project_1.egg-info/SOURCES.txt'
[1.623s] running build
[1.623s] running build_py
[1.623s] creating /home/gibs0113/Project1Ros2Gazebo/build/project_1/build
[1.623s] creating /home/gibs0113/Project1Ros2Gazebo/build/project_1/build/lib
[1.623s] creating /home/gibs0113/Project1Ros2Gazebo/build/project_1/build/lib/project_1
[1.624s] copying project_1/__init__.py -> /home/gibs0113/Project1Ros2Gazebo/build/project_1/build/lib/project_1
[1.624s] running install
[1.631s] running install_lib
[1.661s] creating /home/gibs0113/Project1Ros2Gazebo/install/project_1/lib/python3.12/site-packages/project_1
[1.661s] copying /home/gibs0113/Project1Ros2Gazebo/build/project_1/build/lib/project_1/__init__.py -> /home/gibs0113/Project1Ros2Gazebo/install/project_1/lib/python3.12/site-packages/project_1
[1.662s] byte-compiling /home/gibs0113/Project1Ros2Gazebo/install/project_1/lib/python3.12/site-packages/project_1/__init__.py to __init__.cpython-312.pyc
[1.662s] running install_data
[1.662s] creating /home/gibs0113/Project1Ros2Gazebo/install/project_1/share/ament_index
[1.663s] creating /home/gibs0113/Project1Ros2Gazebo/install/project_1/share/ament_index/resource_index
[1.663s] creating /home/gibs0113/Project1Ros2Gazebo/install/project_1/share/ament_index/resource_index/packages
[1.663s] copying resource/project_1 -> /home/gibs0113/Project1Ros2Gazebo/install/project_1/share/ament_index/resource_index/packages
[1.663s] copying package.xml -> /home/gibs0113/Project1Ros2Gazebo/install/project_1/share/project_1
[1.663s] creating /home/gibs0113/Project1Ros2Gazebo/install/project_1/share/project_1/launch
[1.663s] copying launch/simulation.launch.py -> /home/gibs0113/Project1Ros2Gazebo/install/project_1/share/project_1/launch
[1.663s] creating /home/gibs0113/Project1Ros2Gazebo/install/project_1/share/project_1/worlds
[1.663s] copying worlds/project_world.sdf -> /home/gibs0113/Project1Ros2Gazebo/install/project_1/share/project_1/worlds
[1.663s] copying worlds/enviromental.sdf -> /home/gibs0113/Project1Ros2Gazebo/install/project_1/share/project_1/worlds
[1.664s] running install_egg_info
[1.696s] Copying ../../build/project_1/project_1.egg-info to /home/gibs0113/Project1Ros2Gazebo/install/project_1/lib/python3.12/site-packages/project_1-0.0.0-py3.12.egg-info
[1.697s] running install_scripts
[1.907s] writing list of installed files to '/home/gibs0113/Project1Ros2Gazebo/build/project_1/install.log'
[1.944s] Invoked command in '/home/gibs0113/Project1Ros2Gazebo/src/project_1' returned '0': DEBUGINFOD_URLS=https://debuginfod.ubuntu.com PYTHONPATH=/home/gibs0113/Project1Ros2Gazebo/build/project_1/prefix_override:/usr/lib/python3/dist-packages/colcon_core/task/python/colcon_distutils_commands:/home/gibs0113/Project1Ros2Gazebo/install/project_1/lib/python3.12/site-packages:${PYTHONPATH} /usr/bin/python3 -W ignore:setup.py install is deprecated -W ignore:easy_install command is deprecated setup.py egg_info --egg-base ../../build/project_1 build --build-base /home/gibs0113/Project1Ros2Gazebo/build/project_1/build install --record /home/gibs0113/Project1Ros2Gazebo/build/project_1/install.log --single-version-externally-managed install_data
