[0.675s] Invoking command in '/home/fnorgh/skeewl/project1Robot/Project1Ros2Gazebo/project_1': DEBUGINFOD_URLS=https://debuginfod.ubuntu.com PYTHONPATH=/home/fnorgh/skeewl/project1Robot/Project1Ros2Gazebo/build/project_1/prefix_override:/usr/lib/python3/dist-packages/colcon_core/task/python/colcon_distutils_commands:/home/fnorgh/skeewl/project1Robot/Project1Ros2Gazebo/install/project_1/lib/python3.12/site-packages:${PYTHONPATH} /usr/bin/python3 -W ignore:setup.py install is deprecated -W ignore:easy_install command is deprecated setup.py egg_info --egg-base ../build/project_1 build --build-base /home/fnorgh/skeewl/project1Robot/Project1Ros2Gazebo/build/project_1/build install --record /home/fnorgh/skeewl/project1Robot/Project1Ros2Gazebo/build/project_1/install.log --single-version-externally-managed install_data
[0.897s] running egg_info
[0.897s] creating ../build/project_1/project_1.egg-info
[0.915s] writing ../build/project_1/project_1.egg-info/PKG-INFO
[0.915s] writing dependency_links to ../build/project_1/project_1.egg-info/dependency_links.txt
[0.915s] writing requirements to ../build/project_1/project_1.egg-info/requires.txt
[0.915s] writing top-level names to ../build/project_1/project_1.egg-info/top_level.txt
[0.916s] writing manifest file '../build/project_1/project_1.egg-info/SOURCES.txt'
[0.950s] reading manifest file '../build/project_1/project_1.egg-info/SOURCES.txt'
[0.950s] writing manifest file '../build/project_1/project_1.egg-info/SOURCES.txt'
[0.951s] running build
[0.951s] running build_py
[0.951s] creating /home/fnorgh/skeewl/project1Robot/Project1Ros2Gazebo/build/project_1/build
[0.951s] creating /home/fnorgh/skeewl/project1Robot/Project1Ros2Gazebo/build/project_1/build/lib
[0.951s] creating /home/fnorgh/skeewl/project1Robot/Project1Ros2Gazebo/build/project_1/build/lib/project_1
[0.951s] copying project_1/__init__.py -> /home/fnorgh/skeewl/project1Robot/Project1Ros2Gazebo/build/project_1/build/lib/project_1
[0.951s] running install
[0.956s] running install_lib
[0.973s] creating /home/fnorgh/skeewl/project1Robot/Project1Ros2Gazebo/install/project_1/lib/python3.12/site-packages/project_1
[0.973s] copying /home/fnorgh/skeewl/project1Robot/Project1Ros2Gazebo/build/project_1/build/lib/project_1/__init__.py -> /home/fnorgh/skeewl/project1Robot/Project1Ros2Gazebo/install/project_1/lib/python3.12/site-packages/project_1
[0.973s] byte-compiling /home/fnorgh/skeewl/project1Robot/Project1Ros2Gazebo/install/project_1/lib/python3.12/site-packages/project_1/__init__.py to __init__.cpython-312.pyc
[0.973s] running install_data
[0.974s] creating /home/fnorgh/skeewl/project1Robot/Project1Ros2Gazebo/install/project_1/share/ament_index
[0.974s] creating /home/fnorgh/skeewl/project1Robot/Project1Ros2Gazebo/install/project_1/share/ament_index/resource_index
[0.974s] creating /home/fnorgh/skeewl/project1Robot/Project1Ros2Gazebo/install/project_1/share/ament_index/resource_index/packages
[0.974s] copying resource/project_1 -> /home/fnorgh/skeewl/project1Robot/Project1Ros2Gazebo/install/project_1/share/ament_index/resource_index/packages
[0.974s] copying package.xml -> /home/fnorgh/skeewl/project1Robot/Project1Ros2Gazebo/install/project_1/share/project_1
[0.974s] creating /home/fnorgh/skeewl/project1Robot/Project1Ros2Gazebo/install/project_1/share/project_1/launch
[0.974s] copying launch/simulation.launch.py -> /home/fnorgh/skeewl/project1Robot/Project1Ros2Gazebo/install/project_1/share/project_1/launch
[0.974s] creating /home/fnorgh/skeewl/project1Robot/Project1Ros2Gazebo/install/project_1/share/project_1/worlds
[0.974s] copying worlds/enviromental.sdf -> /home/fnorgh/skeewl/project1Robot/Project1Ros2Gazebo/install/project_1/share/project_1/worlds
[0.974s] copying worlds/project_world.sdf -> /home/fnorgh/skeewl/project1Robot/Project1Ros2Gazebo/install/project_1/share/project_1/worlds
[0.975s] creating /home/fnorgh/skeewl/project1Robot/Project1Ros2Gazebo/install/project_1/share/project_1/config
[0.975s] copying config/tb4_bridge.yaml -> /home/fnorgh/skeewl/project1Robot/Project1Ros2Gazebo/install/project_1/share/project_1/config
[0.975s] running install_egg_info
[0.993s] Copying ../build/project_1/project_1.egg-info to /home/fnorgh/skeewl/project1Robot/Project1Ros2Gazebo/install/project_1/lib/python3.12/site-packages/project_1-0.0.0-py3.12.egg-info
[0.994s] running install_scripts
[1.112s] writing list of installed files to '/home/fnorgh/skeewl/project1Robot/Project1Ros2Gazebo/build/project_1/install.log'
[1.131s] Invoked command in '/home/fnorgh/skeewl/project1Robot/Project1Ros2Gazebo/project_1' returned '0': DEBUGINFOD_URLS=https://debuginfod.ubuntu.com PYTHONPATH=/home/fnorgh/skeewl/project1Robot/Project1Ros2Gazebo/build/project_1/prefix_override:/usr/lib/python3/dist-packages/colcon_core/task/python/colcon_distutils_commands:/home/fnorgh/skeewl/project1Robot/Project1Ros2Gazebo/install/project_1/lib/python3.12/site-packages:${PYTHONPATH} /usr/bin/python3 -W ignore:setup.py install is deprecated -W ignore:easy_install command is deprecated setup.py egg_info --egg-base ../build/project_1 build --build-base /home/fnorgh/skeewl/project1Robot/Project1Ros2Gazebo/build/project_1/build install --record /home/fnorgh/skeewl/project1Robot/Project1Ros2Gazebo/build/project_1/install.log --single-version-externally-managed install_data
